<?xml version="1.0" encoding="utf-8"?><testsuites><testsuite name="pytest" errors="0" failures="0" skipped="0" tests="18" time="0.245" timestamp="2021-08-18T17:34:11.796085" hostname="DESKTOP-2UOT798"><testcase classname="test.test_accum" name="test_accumulator_init" time="0.001" /><testcase classname="test.test_accum" name="test_accumulator_add_one" time="0.001" /><testcase classname="test.test_accum" name="test_accumulator_add_three" time="0.000" /><testcase classname="test.test_accum" name="test_accumulator_add_twice" time="0.001" /><testcase classname="test.test_accum" name="test_accumulator_cannot_set_count_directly" time="0.001" /><testcase classname="test.test_math" name="test_one_plus_one" time="0.000" /><testcase classname="test.test_math" name="test_one_plus_two" time="0.000" /><testcase classname="test.test_math" name="test_divide_by_zero" time="0.000" /><testcase classname="test.test_math" name="test_multiplication[2-3-6]" time="0.001" /><testcase classname="test.test_math" name="test_multiplication[1-99-99]" time="0.001" /><testcase classname="test.test_math" name="test_multiplication[0-99-0]" time="0.001" /><testcase classname="test.test_math" name="test_multiplication[2--3--6]" time="0.000" /><testcase classname="test.test_math" name="test_multiplication[-3--3-9]" time="0.001" /><testcase classname="test.test_math" name="test_multiplication[2.5-6.7-16.75]" time="0.001" /><testcase classname="test.test_math" name="test_multiply_two_positive_integers" time="0.000" /><testcase classname="test.test_math" name="test_multiply_identity" time="0.000" /><testcase classname="test.test_math" name="test_multiply_zero" time="0.000" /><testcase classname="test.test_rest_api" name="test_duckduckgo_instant_answer_api" time="0.101" /></testsuite></testsuites>